{"meta": {"format": 3, "version": "7.14.1", "timestamp": "2026-06-04T19:23:03.806917", "branch_coverage": false, "show_contexts": false}, "files": {"core/tool_registry.py": {"executed_lines": [15, 16, 17, 18, 19, 20, 21, 22, 23, 24, 26, 27, 29, 30, 37, 40, 50, 51, 52, 53, 54, 55, 56, 60, 69, 70, 71, 73, 80, 81, 83, 98, 99, 102, 109, 114, 116, 129, 130, 132, 135, 142, 143, 145, 147, 148, 149, 150, 152, 153, 155, 161, 162, 163, 165, 167, 168, 169, 171, 177, 180, 185, 186, 188, 189, 190, 191, 192, 194, 200, 201, 203, 204, 205, 206, 207, 209, 221, 222, 223, 224, 225, 226, 227, 228, 229, 232, 233, 234, 235, 237, 238, 240, 241, 242, 243, 244, 245, 246, 247, 248, 249, 250, 251, 252, 253, 254, 261, 262, 264, 265, 266, 281, 293, 294, 297, 298, 299, 300, 301, 303, 305, 306, 309, 311, 312, 314, 315, 316, 317, 318, 319, 320, 322, 324, 326, 328, 332, 335, 336, 339, 340, 341, 342, 345, 346, 347, 350, 354, 357, 360, 363, 366, 369, 375, 378, 381, 384, 389, 394, 399, 402, 405, 408, 411, 414, 418, 420, 421, 428, 429, 433, 434, 435, 457, 458, 459, 481, 482, 483, 501, 502, 503, 525, 526, 527, 550, 551, 552, 570, 571, 572, 586, 587, 588, 606, 607, 608, 626, 627, 636, 705, 741, 770, 797, 854, 861, 927, 999, 1029, 1030, 1050, 1051, 1052, 1061, 1062, 1063, 1081, 1090, 1091, 1092, 1107, 1122, 1123, 1124, 1147, 1164, 1165, 1166, 1189, 1246, 1247, 1248, 1266, 1334, 1335, 1336, 1359, 1416, 1432, 1470, 1471, 1472, 1499, 1566, 1567, 1568, 1586, 1691, 1692, 1693, 1720, 1813, 1814, 1815, 1833, 1916, 1917, 1918, 1936, 1957, 1958, 1959, 1985, 2023, 2024, 2025, 2039, 2048, 2049, 2050, 2064, 2071, 2072, 2073, 2087, 2096, 2097, 2098, 2116, 2128, 2129, 2130, 2144, 2151, 2152, 2153, 2167], "summary": {"covered_lines": 288, "num_statements": 937, "percent_covered": 30.73639274279616, "percent_covered_display": "31", "missing_lines": 649, "excluded_lines": 0, "percent_statements_covered": 30.73639274279616, "percent_statements_covered_display": "31"}, "missing_lines": [629, 631, 632, 633, 634, 637, 638, 639, 641, 642, 645, 648, 649, 651, 661, 662, 665, 666, 667, 669, 670, 672, 675, 676, 685, 686, 687, 688, 689, 691, 692, 693, 698, 699, 700, 701, 706, 707, 708, 710, 711, 714, 715, 716, 718, 719, 720, 721, 723, 724, 725, 726, 727, 728, 729, 733, 734, 735, 736, 737, 742, 743, 745, 746, 748, 749, 750, 753, 754, 755, 756, 757, 758, 759, 761, 762, 763, 764, 765, 766, 771, 772, 773, 775, 776, 778, 779, 780, 782, 783, 785, 786, 787, 788, 789, 790, 791, 792, 793, 798, 799, 800, 802, 803, 805, 806, 807, 808, 810, 812, 814, 815, 816, 817, 818, 819, 820, 821, 824, 825, 826, 827, 828, 829, 830, 831, 832, 833, 834, 835, 836, 837, 838, 839, 840, 842, 843, 844, 849, 850, 855, 856, 857, 858, 859, 863, 864, 872, 873, 874, 875, 876, 879, 880, 884, 889, 890, 892, 893, 894, 895, 896, 897, 898, 901, 902, 905, 906, 907, 908, 909, 915, 916, 918, 919, 920, 921, 922, 923, 924, 925, 929, 930, 938, 939, 940, 941, 942, 945, 948, 952, 953, 954, 955, 959, 960, 961, 962, 963, 964, 965, 966, 967, 970, 971, 975, 976, 977, 978, 979, 980, 981, 982, 983, 984, 986, 987, 988, 989, 990, 991, 992, 993, 994, 995, 1000, 1001, 1002, 1003, 1004, 1006, 1015, 1016, 1017, 1018, 1019, 1020, 1021, 1022, 1023, 1024, 1026, 1027, 1032, 1033, 1035, 1036, 1037, 1038, 1039, 1040, 1042, 1043, 1044, 1045, 1046, 1082, 1108, 1109, 1110, 1111, 1112, 1113, 1114, 1115, 1116, 1117, 1118, 1148, 1149, 1150, 1151, 1152, 1153, 1154, 1155, 1156, 1157, 1158, 1159, 1160, 1190, 1191, 1192, 1193, 1194, 1196, 1197, 1198, 1200, 1207, 1208, 1209, 1210, 1211, 1213, 1214, 1215, 1217, 1218, 1219, 1220, 1221, 1222, 1223, 1224, 1225, 1226, 1227, 1228, 1231, 1232, 1233, 1234, 1235, 1236, 1238, 1239, 1240, 1241, 1242, 1267, 1268, 1269, 1270, 1272, 1274, 1275, 1282, 1283, 1285, 1286, 1287, 1288, 1289, 1290, 1291, 1292, 1293, 1294, 1295, 1296, 1297, 1298, 1301, 1302, 1303, 1310, 1311, 1312, 1314, 1315, 1316, 1317, 1318, 1319, 1321, 1323, 1324, 1325, 1326, 1327, 1328, 1329, 1330, 1360, 1361, 1362, 1363, 1364, 1365, 1366, 1368, 1374, 1382, 1383, 1384, 1385, 1386, 1387, 1388, 1389, 1391, 1392, 1393, 1395, 1396, 1397, 1398, 1399, 1400, 1401, 1402, 1403, 1404, 1406, 1407, 1408, 1410, 1411, 1412, 1418, 1419, 1420, 1421, 1422, 1423, 1424, 1425, 1426, 1427, 1428, 1434, 1435, 1436, 1438, 1439, 1440, 1447, 1448, 1449, 1450, 1452, 1455, 1456, 1457, 1458, 1459, 1460, 1462, 1501, 1502, 1503, 1505, 1506, 1507, 1509, 1510, 1512, 1513, 1515, 1516, 1520, 1521, 1522, 1523, 1525, 1526, 1527, 1529, 1535, 1536, 1539, 1540, 1541, 1549, 1550, 1555, 1556, 1558, 1559, 1560, 1561, 1562, 1593, 1594, 1596, 1597, 1600, 1601, 1604, 1605, 1607, 1608, 1609, 1610, 1611, 1614, 1615, 1616, 1619, 1622, 1623, 1624, 1637, 1638, 1639, 1641, 1647, 1648, 1650, 1655, 1657, 1658, 1659, 1660, 1661, 1665, 1666, 1667, 1669, 1674, 1675, 1676, 1677, 1678, 1679, 1680, 1684, 1685, 1687, 1726, 1727, 1728, 1730, 1731, 1732, 1735, 1736, 1738, 1739, 1740, 1741, 1742, 1744, 1745, 1748, 1749, 1751, 1757, 1758, 1759, 1761, 1767, 1768, 1770, 1771, 1775, 1776, 1778, 1779, 1780, 1781, 1784, 1785, 1787, 1788, 1789, 1790, 1795, 1800, 1801, 1805, 1806, 1807, 1808, 1809, 1839, 1840, 1842, 1843, 1845, 1846, 1847, 1849, 1850, 1852, 1853, 1855, 1858, 1859, 1861, 1862, 1863, 1864, 1865, 1866, 1868, 1869, 1870, 1871, 1872, 1874, 1875, 1877, 1878, 1880, 1884, 1885, 1887, 1893, 1894, 1896, 1903, 1904, 1906, 1908, 1909, 1910, 1911, 1912, 1938, 1940, 1941, 1942, 1944, 1950, 1987, 1989, 1990, 1991, 1992, 1993, 1995, 1996, 1997, 1999, 2006, 2007, 2016, 2040, 2041, 2042, 2043, 2044, 2065, 2066, 2067, 2088, 2089, 2090, 2091, 2092, 2117, 2118, 2119, 2120, 2121, 2122, 2123, 2124, 2145, 2146, 2147, 2168, 2169, 2170, 2171, 2172], "excluded_lines": [], "functions": {"ToolRegistry.__init__": {"executed_lines": [51, 52, 53, 54, 55, 56], "summary": {"covered_lines": 6, "num_statements": 6, "percent_covered": 100.0, "percent_covered_display": "100", "missing_lines": 0, "excluded_lines": 0, "percent_statements_covered": 100.0, "percent_statements_covered_display": "100"}, "missing_lines": [], "excluded_lines": [], "start_line": 50}, "ToolRegistry.register": {"executed_lines": [69, 70, 71, 73, 80, 81], "summary": {"covered_lines": 6, "num_statements": 6, "percent_covered": 100.0, "percent_covered_display": "100", "missing_lines": 0, "excluded_lines": 0, "percent_statements_covered": 100.0, "percent_statements_covered_display": "100"}, "missing_lines": [], "excluded_lines": [], "start_line": 60}, "ToolRegistry.register_deferred": {"executed_lines": [98, 99, 102, 109, 114], "summary": {"covered_lines": 5, "num_statements": 5, "percent_covered": 100.0, "percent_covered_display": "100", "missing_lines": 0, "excluded_lines": 0, "percent_statements_covered": 100.0, "percent_statements_covered_display": "100"}, "missing_lines": [], "excluded_lines": [], "start_line": 83}, "ToolRegistry.register_compact": {"executed_lines": [129, 130, 132, 135, 142, 143], "summary": {"covered_lines": 6, "num_statements": 6, "percent_covered": 100.0, "percent_covered_display": "100", "missing_lines": 0, "excluded_lines": 0, "percent_statements_covered": 100.0, "percent_statements_covered_display": "100"}, "missing_lines": [], "excluded_lines": [], "start_line": 116}, "ToolRegistry.unregister": {"executed_lines": [147, 148, 149, 150, 152, 153], "summary": {"covered_lines": 6, "num_statements": 6, "percent_covered": 100.0, "percent_covered_display": "100", "missing_lines": 0, "excluded_lines": 0, "percent_statements_covered": 100.0, "percent_statements_covered_display": "100"}, "missing_lines": [], "excluded_lines": [], "start_line": 145}, "ToolRegistry.get_schemas": {"executed_lines": [161, 162, 163], "summary": {"covered_lines": 3, "num_statements": 3, "percent_covered": 100.0, "percent_covered_display": "100", "missing_lines": 0, "excluded_lines": 0, "percent_statements_covered": 100.0, "percent_statements_covered_display": "100"}, "missing_lines": [], "excluded_lines": [], "start_line": 155}, "ToolRegistry.get_active_tools_names": {"executed_lines": [167, 168, 169], "summary": {"covered_lines": 3, "num_statements": 3, "percent_covered": 100.0, "percent_covered_display": "100", "missing_lines": 0, "excluded_lines": 0, "percent_statements_covered": 100.0, "percent_statements_covered_display": "100"}, "missing_lines": [], "excluded_lines": [], "start_line": 165}, "ToolRegistry.get_compact_tools_description": {"executed_lines": [177], "summary": {"covered_lines": 1, "num_statements": 1, "percent_covered": 100.0, "percent_covered_display": "100", "missing_lines": 0, "excluded_lines": 0, "percent_statements_covered": 100.0, "percent_statements_covered_display": "100"}, "missing_lines": [], "excluded_lines": [], "start_line": 171}, "ToolRegistry._promote_compact_tool": {"executed_lines": [185, 186, 188, 189, 190, 191, 192], "summary": {"covered_lines": 7, "num_statements": 7, "percent_covered": 100.0, "percent_covered_display": "100", "missing_lines": 0, "excluded_lines": 0, "percent_statements_covered": 100.0, "percent_statements_covered_display": "100"}, "missing_lines": [], "excluded_lines": [], "start_line": 180}, "ToolRegistry.inject_tool": {"executed_lines": [200, 201, 203, 204, 205, 206, 207], "summary": {"covered_lines": 7, "num_statements": 7, "percent_covered": 100.0, "percent_covered_display": "100", "missing_lines": 0, "excluded_lines": 0, "percent_statements_covered": 100.0, "percent_statements_covered_display": "100"}, "missing_lines": [], "excluded_lines": [], "start_line": 194}, "ToolRegistry._search_deferred_tools": {"executed_lines": [221, 222, 223, 224, 225, 226, 227, 228, 229, 232, 233, 234, 235, 237, 238, 240, 241, 242, 243, 244, 245, 246, 247, 248, 249, 250, 251, 252, 253, 254, 261, 262], "summary": {"covered_lines": 32, "num_statements": 32, "percent_covered": 100.0, "percent_covered_display": "100", "missing_lines": 0, "excluded_lines": 0, "percent_statements_covered": 100.0, "percent_statements_covered_display": "100"}, "missing_lines": [], "excluded_lines": [], "start_line": 209}, "ToolRegistry._tool_search_schema": {"executed_lines": [266], "summary": {"covered_lines": 1, "num_statements": 1, "percent_covered": 100.0, "percent_covered_display": "100", "missing_lines": 0, "excluded_lines": 0, "percent_statements_covered": 100.0, "percent_statements_covered_display": "100"}, "missing_lines": [], "excluded_lines": [], "start_line": 265}, "ToolRegistry.execute": {"executed_lines": [293, 294, 297, 298, 299, 300, 301, 303, 305, 306, 309, 311, 312, 314, 315, 316, 317, 318, 319, 320], "summary": {"covered_lines": 20, "num_statements": 20, "percent_covered": 100.0, "percent_covered_display": "100", "missing_lines": 0, "excluded_lines": 0, "percent_statements_covered": 100.0, "percent_statements_covered_display": "100"}, "missing_lines": [], "excluded_lines": [], "start_line": 281}, "ToolRegistry.get_handler": {"executed_lines": [324], "summary": {"covered_lines": 1, "num_statements": 1, "percent_covered": 100.0, "percent_covered_display": "100", "missing_lines": 0, "excluded_lines": 0, "percent_statements_covered": 100.0, "percent_statements_covered_display": "100"}, "missing_lines": [], "excluded_lines": [], "start_line": 322}, "ToolRegistry.list_tools": {"executed_lines": [328], "summary": {"covered_lines": 1, "num_statements": 1, "percent_covered": 100.0, "percent_covered_display": "100", "missing_lines": 0, "excluded_lines": 0, "percent_statements_covered": 100.0, "percent_statements_covered_display": "100"}, "missing_lines": [], "excluded_lines": [], "start_line": 326}, "ToolRegistry._register_core_tools": {"executed_lines": [335, 336, 339, 340, 341, 342, 345, 346, 347, 350, 354, 357, 360, 363, 366, 369, 375, 378, 381, 384, 389, 394, 399, 402, 405, 408, 411, 414], "summary": {"covered_lines": 28, "num_statements": 28, "percent_covered": 100.0, "percent_covered_display": "100", "missing_lines": 0, "excluded_lines": 0, "percent_statements_covered": 100.0, "percent_statements_covered_display": "100"}, "missing_lines": [], "excluded_lines": [], "start_line": 332}, "ToolRegistry._register_tool_search": {"executed_lines": [420, 421, 428, 429], "summary": {"covered_lines": 4, "num_statements": 4, "percent_covered": 100.0, "percent_covered_display": "100", "missing_lines": 0, "excluded_lines": 0, "percent_statements_covered": 100.0, "percent_statements_covered_display": "100"}, "missing_lines": [], "excluded_lines": [], "start_line": 418}, "ToolRegistry._term_schema": {"executed_lines": [435], "summary": {"covered_lines": 1, "num_statements": 1, "percent_covered": 100.0, "percent_covered_display": "100", "missing_lines": 0, "excluded_lines": 0, "percent_statements_covered": 100.0, "percent_statements_covered_display": "100"}, "missing_lines": [], "excluded_lines": [], "start_line": 434}, "ToolRegistry._read_schema": {"executed_lines": [459], "summary": {"covered_lines": 1, "num_statements": 1, "percent_covered": 100.0, "percent_covered_display": "100", "missing_lines": 0, "excluded_lines": 0, "percent_statements_covered": 100.0, "percent_statements_covered_display": "100"}, "missing_lines": [], "excluded_lines": [], "start_line": 458}, "ToolRegistry._write_schema": {"executed_lines": [483], "summary": {"covered_lines": 1, "num_statements": 1, "percent_covered": 100.0, "percent_covered_display": "100", "missing_lines": 0, "excluded_lines": 0, "percent_statements_covered": 100.0, "percent_statements_covered_display": "100"}, "missing_lines": [], "excluded_lines": [], "start_line": 482}, "ToolRegistry._patch_schema": {"executed_lines": [503], "summary": {"covered_lines": 1, "num_statements": 1, "percent_covered": 100.0, "percent_covered_display": "100", "missing_lines": 0, "excluded_lines": 0, "percent_statements_covered": 100.0, "percent_statements_covered_display": "100"}, "missing_lines": [], "excluded_lines": [], "start_line": 502}, "ToolRegistry._search_schema": {"executed_lines": [527], "summary": {"covered_lines": 1, "num_statements": 1, "percent_covered": 100.0, "percent_covered_display": "100", "missing_lines": 0, "excluded_lines": 0, "percent_statements_covered": 100.0, "percent_statements_covered_display": "100"}, "missing_lines": [], "excluded_lines": [], "start_line": 526}, "ToolRegistry._web_search_schema": {"executed_lines": [552], "summary": {"covered_lines": 1, "num_statements": 1, "percent_covered": 100.0, "percent_covered_display": "100", "missing_lines": 0, "excluded_lines": 0, "percent_statements_covered": 100.0, "percent_statements_covered_display": "100"}, "missing_lines": [], "excluded_lines": [], "start_line": 551}, "ToolRegistry._web_fetch_schema": {"executed_lines": [572], "summary": {"covered_lines": 1, "num_statements": 1, "percent_covered": 100.0, "percent_covered_display": "100", "missing_lines": 0, "excluded_lines": 0, "percent_statements_covered": 100.0, "percent_statements_covered_display": "100"}, "missing_lines": [], "excluded_lines": [], "start_line": 571}, "ToolRegistry._finish_schema": {"executed_lines": [588], "summary": {"covered_lines": 1, "num_statements": 1, "percent_covered": 100.0, "percent_covered_display": "100", "missing_lines": 0, "excluded_lines": 0, "percent_statements_covered": 100.0, "percent_statements_covered_display": "100"}, "missing_lines": [], "excluded_lines": [], "start_line": 587}, "ToolRegistry._read_tool_result_schema": {"executed_lines": [608], "summary": {"covered_lines": 1, "num_statements": 1, "percent_covered": 100.0, "percent_covered_display": "100", "missing_lines": 0, "excluded_lines": 0, "percent_statements_covered": 100.0, "percent_statements_covered_display": "100"}, "missing_lines": [], "excluded_lines": [], "start_line": 607}, "ToolRegistry._build_env": {"executed_lines": [], "summary": {"covered_lines": 0, "num_statements": 5, "percent_covered": 0.0, "percent_covered_display": "0", "missing_lines": 5, "excluded_lines": 0, "percent_statements_covered": 0.0, "percent_statements_covered_display": "0"}, "missing_lines": [629, 631, 632, 633, 634], "excluded_lines": [], "start_line": 627}, "ToolRegistry._handle_terminal": {"executed_lines": [], "summary": {"covered_lines": 0, "num_statements": 31, "percent_covered": 0.0, "percent_covered_display": "0", "missing_lines": 31, "excluded_lines": 0, "percent_statements_covered": 0.0, "percent_statements_covered_display": "0"}, "missing_lines": [637, 638, 639, 641, 642, 645, 648, 649, 651, 661, 662, 665, 666, 667, 669, 670, 672, 675, 676, 685, 686, 687, 688, 689, 691, 692, 693, 698, 699, 700, 701], "excluded_lines": [], "start_line": 636}, "ToolRegistry._handle_read_file": {"executed_lines": [], "summary": {"covered_lines": 0, "num_statements": 24, "percent_covered": 0.0, "percent_covered_display": "0", "missing_lines": 24, "excluded_lines": 0, "percent_statements_covered": 0.0, "percent_statements_covered_display": "0"}, "missing_lines": [706, 707, 708, 710, 711, 714, 715, 716, 718, 719, 720, 721, 723, 724, 725, 726, 727, 728, 729, 733, 734, 735, 736, 737], "excluded_lines": [], "start_line": 705}, "ToolRegistry._handle_write_file": {"executed_lines": [], "summary": {"covered_lines": 0, "num_statements": 20, "percent_covered": 0.0, "percent_covered_display": "0", "missing_lines": 20, "excluded_lines": 0, "percent_statements_covered": 0.0, "percent_statements_covered_display": "0"}, "missing_lines": [742, 743, 745, 746, 748, 749, 750, 753, 754, 755, 756, 757, 758, 759, 761, 762, 763, 764, 765, 766], "excluded_lines": [], "start_line": 741}, "ToolRegistry._handle_patch": {"executed_lines": [], "summary": {"covered_lines": 0, "num_statements": 19, "percent_covered": 0.0, "percent_covered_display": "0", "missing_lines": 19, "excluded_lines": 0, "percent_statements_covered": 0.0, "percent_statements_covered_display": "0"}, "missing_lines": [771, 772, 773, 775, 776, 778, 779, 780, 782, 783, 785, 786, 787, 788, 789, 790, 791, 792, 793], "excluded_lines": [], "start_line": 770}, "ToolRegistry._handle_search_files": {"executed_lines": [], "summary": {"covered_lines": 0, "num_statements": 41, "percent_covered": 0.0, "percent_covered_display": "0", "missing_lines": 41, "excluded_lines": 0, "percent_statements_covered": 0.0, "percent_statements_covered_display": "0"}, "missing_lines": [798, 799, 800, 802, 803, 805, 806, 807, 808, 810, 812, 814, 815, 816, 817, 818, 819, 820, 821, 824, 825, 826, 827, 828, 829, 830, 831, 832, 833, 834, 835, 836, 837, 838, 839, 840, 842, 843, 844, 849, 850], "excluded_lines": [], "start_line": 797}, "ToolRegistry._handle_web_search": {"executed_lines": [], "summary": {"covered_lines": 0, "num_statements": 5, "percent_covered": 0.0, "percent_covered_display": "0", "missing_lines": 5, "excluded_lines": 0, "percent_statements_covered": 0.0, "percent_statements_covered_display": "0"}, "missing_lines": [855, 856, 857, 858, 859], "excluded_lines": [], "start_line": 854}, "ToolRegistry._search_duckduckgo": {"executed_lines": [], "summary": {"covered_lines": 0, "num_statements": 36, "percent_covered": 0.0, "percent_covered_display": "0", "missing_lines": 36, "excluded_lines": 0, "percent_statements_covered": 0.0, "percent_statements_covered_display": "0"}, "missing_lines": [863, 864, 872, 873, 874, 875, 876, 879, 880, 884, 889, 890, 892, 893, 894, 895, 896, 897, 898, 901, 902, 905, 906, 907, 908, 909, 915, 916, 918, 919, 920, 921, 922, 923, 924, 925], "excluded_lines": [], "start_line": 861}, "ToolRegistry._search_bing": {"executed_lines": [], "summary": {"covered_lines": 0, "num_statements": 44, "percent_covered": 0.0, "percent_covered_display": "0", "missing_lines": 44, "excluded_lines": 0, "percent_statements_covered": 0.0, "percent_statements_covered_display": "0"}, "missing_lines": [929, 930, 938, 939, 940, 941, 942, 945, 948, 952, 953, 954, 955, 959, 960, 961, 962, 963, 964, 965, 966, 967, 970, 971, 975, 976, 977, 978, 979, 980, 981, 982, 983, 984, 986, 987, 988, 989, 990, 991, 992, 993, 994, 995], "excluded_lines": [], "start_line": 927}, "ToolRegistry._handle_web_fetch": {"executed_lines": [], "summary": {"covered_lines": 0, "num_statements": 18, "percent_covered": 0.0, "percent_covered_display": "0", "missing_lines": 18, "excluded_lines": 0, "percent_statements_covered": 0.0, "percent_statements_covered_display": "0"}, "missing_lines": [1000, 1001, 1002, 1003, 1004, 1006, 1015, 1016, 1017, 1018, 1019, 1020, 1021, 1022, 1023, 1024, 1026, 1027], "excluded_lines": [], "start_line": 999}, "ToolRegistry._clean_html": {"executed_lines": [], "summary": {"covered_lines": 0, "num_statements": 13, "percent_covered": 0.0, "percent_covered_display": "0", "missing_lines": 13, "excluded_lines": 0, "percent_statements_covered": 0.0, "percent_statements_covered_display": "0"}, "missing_lines": [1032, 1033, 1035, 1036, 1037, 1038, 1039, 1040, 1042, 1043, 1044, 1045, 1046], "excluded_lines": [], "start_line": 1030}, "ToolRegistry._handle_finish": {"executed_lines": [1052], "summary": {"covered_lines": 1, "num_statements": 1, "percent_covered": 100.0, "percent_covered_display": "100", "missing_lines": 0, "excluded_lines": 0, "percent_statements_covered": 100.0, "percent_statements_covered_display": "100"}, "missing_lines": [], "excluded_lines": [], "start_line": 1051}, "ToolRegistry._finish_step_schema": {"executed_lines": [1063], "summary": {"covered_lines": 1, "num_statements": 1, "percent_covered": 100.0, "percent_covered_display": "100", "missing_lines": 0, "excluded_lines": 0, "percent_statements_covered": 100.0, "percent_statements_covered_display": "100"}, "missing_lines": [], "excluded_lines": [], "start_line": 1062}, "ToolRegistry._handle_finish_step": {"executed_lines": [], "summary": {"covered_lines": 0, "num_statements": 1, "percent_covered": 0.0, "percent_covered_display": "0", "missing_lines": 1, "excluded_lines": 0, "percent_statements_covered": 0.0, "percent_statements_covered_display": "0"}, "missing_lines": [1082], "excluded_lines": [], "start_line": 1081}, "ToolRegistry._whiteboard_read_schema": {"executed_lines": [1092], "summary": {"covered_lines": 1, "num_statements": 1, "percent_covered": 100.0, "percent_covered_display": "100", "missing_lines": 0, "excluded_lines": 0, "percent_statements_covered": 100.0, "percent_statements_covered_display": "100"}, "missing_lines": [], "excluded_lines": [], "start_line": 1091}, "ToolRegistry._handle_whiteboard_read": {"executed_lines": [], "summary": {"covered_lines": 0, "num_statements": 11, "percent_covered": 0.0, "percent_covered_display": "0", "missing_lines": 11, "excluded_lines": 0, "percent_statements_covered": 0.0, "percent_statements_covered_display": "0"}, "missing_lines": [1108, 1109, 1110, 1111, 1112, 1113, 1114, 1115, 1116, 1117, 1118], "excluded_lines": [], "start_line": 1107}, "ToolRegistry._whiteboard_write_schema": {"executed_lines": [1124], "summary": {"covered_lines": 1, "num_statements": 1, "percent_covered": 100.0, "percent_covered_display": "100", "missing_lines": 0, "excluded_lines": 0, "percent_statements_covered": 100.0, "percent_statements_covered_display": "100"}, "missing_lines": [], "excluded_lines": [], "start_line": 1123}, "ToolRegistry._handle_whiteboard_write": {"executed_lines": [], "summary": {"covered_lines": 0, "num_statements": 13, "percent_covered": 0.0, "percent_covered_display": "0", "missing_lines": 13, "excluded_lines": 0, "percent_statements_covered": 0.0, "percent_statements_covered_display": "0"}, "missing_lines": [1148, 1149, 1150, 1151, 1152, 1153, 1154, 1155, 1156, 1157, 1158, 1159, 1160], "excluded_lines": [], "start_line": 1147}, "ToolRegistry._github_search_schema": {"executed_lines": [1166], "summary": {"covered_lines": 1, "num_statements": 1, "percent_covered": 100.0, "percent_covered_display": "100", "missing_lines": 0, "excluded_lines": 0, "percent_statements_covered": 100.0, "percent_statements_covered_display": "100"}, "missing_lines": [], "excluded_lines": [], "start_line": 1165}, "ToolRegistry._handle_github_search": {"executed_lines": [], "summary": {"covered_lines": 0, "num_statements": 40, "percent_covered": 0.0, "percent_covered_display": "0", "missing_lines": 40, "excluded_lines": 0, "percent_statements_covered": 0.0, "percent_statements_covered_display": "0"}, "missing_lines": [1190, 1191, 1192, 1193, 1194, 1196, 1197, 1198, 1200, 1207, 1208, 1209, 1210, 1211, 1213, 1214, 1215, 1217, 1218, 1219, 1220, 1221, 1222, 1223, 1224, 1225, 1226, 1227, 1228, 1231, 1232, 1233, 1234, 1235, 1236, 1238, 1239, 1240, 1241, 1242], "excluded_lines": [], "start_line": 1189}, "ToolRegistry._github_get_repo_schema": {"executed_lines": [1248], "summary": {"covered_lines": 1, "num_statements": 1, "percent_covered": 100.0, "percent_covered_display": "100", "missing_lines": 0, "excluded_lines": 0, "percent_statements_covered": 100.0, "percent_statements_covered_display": "100"}, "missing_lines": [], "excluded_lines": [], "start_line": 1247}, "ToolRegistry._handle_github_get_repo": {"executed_lines": [], "summary": {"covered_lines": 0, "num_statements": 44, "percent_covered": 0.0, "percent_covered_display": "0", "missing_lines": 44, "excluded_lines": 0, "percent_statements_covered": 0.0, "percent_statements_covered_display": "0"}, "missing_lines": [1267, 1268, 1269, 1270, 1272, 1274, 1275, 1282, 1283, 1285, 1286, 1287, 1288, 1289, 1290, 1291, 1292, 1293, 1294, 1295, 1296, 1297, 1298, 1301, 1302, 1303, 1310, 1311, 1312, 1314, 1315, 1316, 1317, 1318, 1319, 1321, 1323, 1324, 1325, 1326, 1327, 1328, 1329, 1330], "excluded_lines": [], "start_line": 1266}, "ToolRegistry._tavily_search_schema": {"executed_lines": [1336], "summary": {"covered_lines": 1, "num_statements": 1, "percent_covered": 100.0, "percent_covered_display": "100", "missing_lines": 0, "excluded_lines": 0, "percent_statements_covered": 100.0, "percent_statements_covered_display": "100"}, "missing_lines": [], "excluded_lines": [], "start_line": 1335}, "ToolRegistry._handle_tavily_search": {"executed_lines": [], "summary": {"covered_lines": 0, "num_statements": 36, "percent_covered": 0.0, "percent_covered_display": "0", "missing_lines": 36, "excluded_lines": 0, "percent_statements_covered": 0.0, "percent_statements_covered_display": "0"}, "missing_lines": [1360, 1361, 1362, 1363, 1364, 1365, 1366, 1368, 1374, 1382, 1383, 1384, 1385, 1386, 1387, 1388, 1389, 1391, 1392, 1393, 1395, 1396, 1397, 1398, 1399, 1400, 1401, 1402, 1403, 1404, 1406, 1407, 1408, 1410, 1411, 1412], "excluded_lines": [], "start_line": 1359}, "ToolRegistry._handle_read_tool_result": {"executed_lines": [], "summary": {"covered_lines": 0, "num_statements": 11, "percent_covered": 0.0, "percent_covered_display": "0", "missing_lines": 11, "excluded_lines": 0, "percent_statements_covered": 0.0, "percent_statements_covered_display": "0"}, "missing_lines": [1418, 1419, 1420, 1421, 1422, 1423, 1424, 1425, 1426, 1427, 1428], "excluded_lines": [], "start_line": 1416}, "ToolRegistry._handle_tool_search": {"executed_lines": [], "summary": {"covered_lines": 0, "num_statements": 18, "percent_covered": 0.0, "percent_covered_display": "0", "missing_lines": 18, "excluded_lines": 0, "percent_statements_covered": 0.0, "percent_statements_covered_display": "0"}, "missing_lines": [1434, 1435, 1436, 1438, 1439, 1440, 1447, 1448, 1449, 1450, 1452, 1455, 1456, 1457, 1458, 1459, 1460, 1462], "excluded_lines": [], "start_line": 1432}, "ToolRegistry._image_gen_schema": {"executed_lines": [1472], "summary": {"covered_lines": 1, "num_statements": 1, "percent_covered": 100.0, "percent_covered_display": "100", "missing_lines": 0, "excluded_lines": 0, "percent_statements_covered": 100.0, "percent_statements_covered_display": "100"}, "missing_lines": [], "excluded_lines": [], "start_line": 1471}, "ToolRegistry._handle_image_gen": {"executed_lines": [], "summary": {"covered_lines": 0, "num_statements": 34, "percent_covered": 0.0, "percent_covered_display": "0", "missing_lines": 34, "excluded_lines": 0, "percent_statements_covered": 0.0, "percent_statements_covered_display": "0"}, "missing_lines": [1501, 1502, 1503, 1505, 1506, 1507, 1509, 1510, 1512, 1513, 1515, 1516, 1520, 1521, 1522, 1523, 1525, 1526, 1527, 1529, 1535, 1536, 1539, 1540, 1541, 1549, 1550, 1555, 1556, 1558, 1559, 1560, 1561, 1562], "excluded_lines": [], "start_line": 1499}, "ToolRegistry._vision_schema": {"executed_lines": [1568], "summary": {"covered_lines": 1, "num_statements": 1, "percent_covered": 100.0, "percent_covered_display": "100", "missing_lines": 0, "excluded_lines": 0, "percent_statements_covered": 100.0, "percent_statements_covered_display": "100"}, "missing_lines": [], "excluded_lines": [], "start_line": 1567}, "ToolRegistry._handle_vision_analyze": {"executed_lines": [], "summary": {"covered_lines": 0, "num_statements": 47, "percent_covered": 0.0, "percent_covered_display": "0", "missing_lines": 47, "excluded_lines": 0, "percent_statements_covered": 0.0, "percent_statements_covered_display": "0"}, "missing_lines": [1593, 1594, 1596, 1597, 1600, 1601, 1604, 1605, 1607, 1608, 1609, 1610, 1611, 1614, 1615, 1616, 1619, 1622, 1623, 1624, 1637, 1638, 1639, 1641, 1647, 1648, 1650, 1655, 1657, 1658, 1659, 1660, 1661, 1665, 1666, 1667, 1669, 1674, 1675, 1676, 1677, 1678, 1679, 1680, 1684, 1685, 1687], "excluded_lines": [], "start_line": 1586}, "ToolRegistry._tts_schema": {"executed_lines": [1693], "summary": {"covered_lines": 1, "num_statements": 1, "percent_covered": 100.0, "percent_covered_display": "100", "missing_lines": 0, "excluded_lines": 0, "percent_statements_covered": 100.0, "percent_statements_covered_display": "100"}, "missing_lines": [], "excluded_lines": [], "start_line": 1692}, "ToolRegistry._handle_tts": {"executed_lines": [], "summary": {"covered_lines": 0, "num_statements": 46, "percent_covered": 0.0, "percent_covered_display": "0", "missing_lines": 46, "excluded_lines": 0, "percent_statements_covered": 0.0, "percent_statements_covered_display": "0"}, "missing_lines": [1726, 1727, 1728, 1730, 1731, 1732, 1735, 1736, 1738, 1739, 1740, 1741, 1742, 1744, 1745, 1748, 1749, 1751, 1757, 1758, 1759, 1761, 1767, 1768, 1770, 1771, 1775, 1776, 1778, 1779, 1780, 1781, 1784, 1785, 1787, 1788, 1789, 1790, 1795, 1800, 1801, 1805, 1806, 1807, 1808, 1809], "excluded_lines": [], "start_line": 1720}, "ToolRegistry._stt_schema": {"executed_lines": [1815], "summary": {"covered_lines": 1, "num_statements": 1, "percent_covered": 100.0, "percent_covered_display": "100", "missing_lines": 0, "excluded_lines": 0, "percent_statements_covered": 100.0, "percent_statements_covered_display": "100"}, "missing_lines": [], "excluded_lines": [], "start_line": 1814}, "ToolRegistry._handle_stt": {"executed_lines": [], "summary": {"covered_lines": 0, "num_statements": 44, "percent_covered": 0.0, "percent_covered_display": "0", "missing_lines": 44, "excluded_lines": 0, "percent_statements_covered": 0.0, "percent_statements_covered_display": "0"}, "missing_lines": [1839, 1840, 1842, 1843, 1845, 1846, 1847, 1849, 1850, 1852, 1853, 1855, 1858, 1859, 1861, 1862, 1863, 1864, 1865, 1866, 1868, 1869, 1870, 1871, 1872, 1874, 1875, 1877, 1878, 1880, 1884, 1885, 1887, 1893, 1894, 1896, 1903, 1904, 1906, 1908, 1909, 1910, 1911, 1912], "excluded_lines": [], "start_line": 1833}, "ToolRegistry._aggregate_search_schema": {"executed_lines": [1918], "summary": {"covered_lines": 1, "num_statements": 1, "percent_covered": 100.0, "percent_covered_display": "100", "missing_lines": 0, "excluded_lines": 0, "percent_statements_covered": 100.0, "percent_statements_covered_display": "100"}, "missing_lines": [], "excluded_lines": [], "start_line": 1917}, "ToolRegistry._handle_aggregate_search": {"executed_lines": [], "summary": {"covered_lines": 0, "num_statements": 6, "percent_covered": 0.0, "percent_covered_display": "0", "missing_lines": 6, "excluded_lines": 0, "percent_statements_covered": 0.0, "percent_statements_covered_display": "0"}, "missing_lines": [1938, 1940, 1941, 1942, 1944, 1950], "excluded_lines": [], "start_line": 1936}, "ToolRegistry._download_schema": {"executed_lines": [1959], "summary": {"covered_lines": 1, "num_statements": 1, "percent_covered": 100.0, "percent_covered_display": "100", "missing_lines": 0, "excluded_lines": 0, "percent_statements_covered": 100.0, "percent_statements_covered_display": "100"}, "missing_lines": [], "excluded_lines": [], "start_line": 1958}, "ToolRegistry._handle_download": {"executed_lines": [], "summary": {"covered_lines": 0, "num_statements": 13, "percent_covered": 0.0, "percent_covered_display": "0", "missing_lines": 13, "excluded_lines": 0, "percent_statements_covered": 0.0, "percent_statements_covered_display": "0"}, "missing_lines": [1987, 1989, 1990, 1991, 1992, 1993, 1995, 1996, 1997, 1999, 2006, 2007, 2016], "excluded_lines": [], "start_line": 1985}, "ToolRegistry._browser_nav_schema": {"executed_lines": [2025], "summary": {"covered_lines": 1, "num_statements": 1, "percent_covered": 100.0, "percent_covered_display": "100", "missing_lines": 0, "excluded_lines": 0, "percent_statements_covered": 100.0, "percent_statements_covered_display": "100"}, "missing_lines": [], "excluded_lines": [], "start_line": 2024}, "ToolRegistry._handle_browser_navigate": {"executed_lines": [], "summary": {"covered_lines": 0, "num_statements": 5, "percent_covered": 0.0, "percent_covered_display": "0", "missing_lines": 5, "excluded_lines": 0, "percent_statements_covered": 0.0, "percent_statements_covered_display": "0"}, "missing_lines": [2040, 2041, 2042, 2043, 2044], "excluded_lines": [], "start_line": 2039}, "ToolRegistry._browser_snap_schema": {"executed_lines": [2050], "summary": {"covered_lines": 1, "num_statements": 1, "percent_covered": 100.0, "percent_covered_display": "100", "missing_lines": 0, "excluded_lines": 0, "percent_statements_covered": 100.0, "percent_statements_covered_display": "100"}, "missing_lines": [], "excluded_lines": [], "start_line": 2049}, "ToolRegistry._handle_browser_snapshot": {"executed_lines": [], "summary": {"covered_lines": 0, "num_statements": 3, "percent_covered": 0.0, "percent_covered_display": "0", "missing_lines": 3, "excluded_lines": 0, "percent_statements_covered": 0.0, "percent_statements_covered_display": "0"}, "missing_lines": [2065, 2066, 2067], "excluded_lines": [], "start_line": 2064}, "ToolRegistry._browser_click_schema": {"executed_lines": [2073], "summary": {"covered_lines": 1, "num_statements": 1, "percent_covered": 100.0, "percent_covered_display": "100", "missing_lines": 0, "excluded_lines": 0, "percent_statements_covered": 100.0, "percent_statements_covered_display": "100"}, "missing_lines": [], "excluded_lines": [], "start_line": 2072}, "ToolRegistry._handle_browser_click": {"executed_lines": [], "summary": {"covered_lines": 0, "num_statements": 5, "percent_covered": 0.0, "percent_covered_display": "0", "missing_lines": 5, "excluded_lines": 0, "percent_statements_covered": 0.0, "percent_statements_covered_display": "0"}, "missing_lines": [2088, 2089, 2090, 2091, 2092], "excluded_lines": [], "start_line": 2087}, "ToolRegistry._browser_type_schema": {"executed_lines": [2098], "summary": {"covered_lines": 1, "num_statements": 1, "percent_covered": 100.0, "percent_covered_display": "100", "missing_lines": 0, "excluded_lines": 0, "percent_statements_covered": 100.0, "percent_statements_covered_display": "100"}, "missing_lines": [], "excluded_lines": [], "start_line": 2097}, "ToolRegistry._handle_browser_type": {"executed_lines": [], "summary": {"covered_lines": 0, "num_statements": 8, "percent_covered": 0.0, "percent_covered_display": "0", "missing_lines": 8, "excluded_lines": 0, "percent_statements_covered": 0.0, "percent_statements_covered_display": "0"}, "missing_lines": [2117, 2118, 2119, 2120, 2121, 2122, 2123, 2124], "excluded_lines": [], "start_line": 2116}, "ToolRegistry._browser_screenshot_schema": {"executed_lines": [2130], "summary": {"covered_lines": 1, "num_statements": 1, "percent_covered": 100.0, "percent_covered_display": "100", "missing_lines": 0, "excluded_lines": 0, "percent_statements_covered": 100.0, "percent_statements_covered_display": "100"}, "missing_lines": [], "excluded_lines": [], "start_line": 2129}, "ToolRegistry._handle_browser_screenshot": {"executed_lines": [], "summary": {"covered_lines": 0, "num_statements": 3, "percent_covered": 0.0, "percent_covered_display": "0", "missing_lines": 3, "excluded_lines": 0, "percent_statements_covered": 0.0, "percent_statements_covered_display": "0"}, "missing_lines": [2145, 2146, 2147], "excluded_lines": [], "start_line": 2144}, "ToolRegistry._browser_js_schema": {"executed_lines": [2153], "summary": {"covered_lines": 1, "num_statements": 1, "percent_covered": 100.0, "percent_covered_display": "100", "missing_lines": 0, "excluded_lines": 0, "percent_statements_covered": 100.0, "percent_statements_covered_display": "100"}, "missing_lines": [], "excluded_lines": [], "start_line": 2152}, "ToolRegistry._handle_browser_js": {"executed_lines": [], "summary": {"covered_lines": 0, "num_statements": 5, "percent_covered": 0.0, "percent_covered_display": "0", "missing_lines": 5, "excluded_lines": 0, "percent_statements_covered": 0.0, "percent_statements_covered_display": "0"}, "missing_lines": [2168, 2169, 2170, 2171, 2172], "excluded_lines": [], "start_line": 2167}, "": {"executed_lines": [15, 16, 17, 18, 19, 20, 21, 22, 23, 24, 26, 27, 29, 30, 37, 40, 50, 60, 83, 116, 145, 155, 165, 171, 180, 194, 209, 264, 265, 281, 322, 326, 332, 418, 433, 434, 457, 458, 481, 482, 501, 502, 525, 526, 550, 551, 570, 571, 586, 587, 606, 607, 626, 627, 636, 705, 741, 770, 797, 854, 861, 927, 999, 1029, 1030, 1050, 1051, 1061, 1062, 1081, 1090, 1091, 1107, 1122, 1123, 1147, 1164, 1165, 1189, 1246, 1247, 1266, 1334, 1335, 1359, 1416, 1432, 1470, 1471, 1499, 1566, 1567, 1586, 1691, 1692, 1720, 1813, 1814, 1833, 1916, 1917, 1936, 1957, 1958, 1985, 2023, 2024, 2039, 2048, 2049, 2064, 2071, 2072, 2087, 2096, 2097, 2116, 2128, 2129, 2144, 2151, 2152, 2167], "summary": {"covered_lines": 123, "num_statements": 123, "percent_covered": 100.0, "percent_covered_display": "100", "missing_lines": 0, "excluded_lines": 0, "percent_statements_covered": 100.0, "percent_statements_covered_display": "100"}, "missing_lines": [], "excluded_lines": [], "start_line": 1}}, "classes": {"ToolRegistry": {"executed_lines": [51, 52, 53, 54, 55, 56, 69, 70, 71, 73, 80, 81, 98, 99, 102, 109, 114, 129, 130, 132, 135, 142, 143, 147, 148, 149, 150, 152, 153, 161, 162, 163, 167, 168, 169, 177, 185, 186, 188, 189, 190, 191, 192, 200, 201, 203, 204, 205, 206, 207, 221, 222, 223, 224, 225, 226, 227, 228, 229, 232, 233, 234, 235, 237, 238, 240, 241, 242, 243, 244, 245, 246, 247, 248, 249, 250, 251, 252, 253, 254, 261, 262, 266, 293, 294, 297, 298, 299, 300, 301, 303, 305, 306, 309, 311, 312, 314, 315, 316, 317, 318, 319, 320, 324, 328, 335, 336, 339, 340, 341, 342, 345, 346, 347, 350, 354, 357, 360, 363, 366, 369, 375, 378, 381, 384, 389, 394, 399, 402, 405, 408, 411, 414, 420, 421, 428, 429, 435, 459, 483, 503, 527, 552, 572, 588, 608, 1052, 1063, 1092, 1124, 1166, 1248, 1336, 1472, 1568, 1693, 1815, 1918, 1959, 2025, 2050, 2073, 2098, 2130, 2153], "summary": {"covered_lines": 165, "num_statements": 814, "percent_covered": 20.27027027027027, "percent_covered_display": "20", "missing_lines": 649, "excluded_lines": 0, "percent_statements_covered": 20.27027027027027, "percent_statements_covered_display": "20"}, "missing_lines": [629, 631, 632, 633, 634, 637, 638, 639, 641, 642, 645, 648, 649, 651, 661, 662, 665, 666, 667, 669, 670, 672, 675, 676, 685, 686, 687, 688, 689, 691, 692, 693, 698, 699, 700, 701, 706, 707, 708, 710, 711, 714, 715, 716, 718, 719, 720, 721, 723, 724, 725, 726, 727, 728, 729, 733, 734, 735, 736, 737, 742, 743, 745, 746, 748, 749, 750, 753, 754, 755, 756, 757, 758, 759, 761, 762, 763, 764, 765, 766, 771, 772, 773, 775, 776, 778, 779, 780, 782, 783, 785, 786, 787, 788, 789, 790, 791, 792, 793, 798, 799, 800, 802, 803, 805, 806, 807, 808, 810, 812, 814, 815, 816, 817, 818, 819, 820, 821, 824, 825, 826, 827, 828, 829, 830, 831, 832, 833, 834, 835, 836, 837, 838, 839, 840, 842, 843, 844, 849, 850, 855, 856, 857, 858, 859, 863, 864, 872, 873, 874, 875, 876, 879, 880, 884, 889, 890, 892, 893, 894, 895, 896, 897, 898, 901, 902, 905, 906, 907, 908, 909, 915, 916, 918, 919, 920, 921, 922, 923, 924, 925, 929, 930, 938, 939, 940, 941, 942, 945, 948, 952, 953, 954, 955, 959, 960, 961, 962, 963, 964, 965, 966, 967, 970, 971, 975, 976, 977, 978, 979, 980, 981, 982, 983, 984, 986, 987, 988, 989, 990, 991, 992, 993, 994, 995, 1000, 1001, 1002, 1003, 1004, 1006, 1015, 1016, 1017, 1018, 1019, 1020, 1021, 1022, 1023, 1024, 1026, 1027, 1032, 1033, 1035, 1036, 1037, 1038, 1039, 1040, 1042, 1043, 1044, 1045, 1046, 1082, 1108, 1109, 1110, 1111, 1112, 1113, 1114, 1115, 1116, 1117, 1118, 1148, 1149, 1150, 1151, 1152, 1153, 1154, 1155, 1156, 1157, 1158, 1159, 1160, 1190, 1191, 1192, 1193, 1194, 1196, 1197, 1198, 1200, 1207, 1208, 1209, 1210, 1211, 1213, 1214, 1215, 1217, 1218, 1219, 1220, 1221, 1222, 1223, 1224, 1225, 1226, 1227, 1228, 1231, 1232, 1233, 1234, 1235, 1236, 1238, 1239, 1240, 1241, 1242, 1267, 1268, 1269, 1270, 1272, 1274, 1275, 1282, 1283, 1285, 1286, 1287, 1288, 1289, 1290, 1291, 1292, 1293, 1294, 1295, 1296, 1297, 1298, 1301, 1302, 1303, 1310, 1311, 1312, 1314, 1315, 1316, 1317, 1318, 1319, 1321, 1323, 1324, 1325, 1326, 1327, 1328, 1329, 1330, 1360, 1361, 1362, 1363, 1364, 1365, 1366, 1368, 1374, 1382, 1383, 1384, 1385, 1386, 1387, 1388, 1389, 1391, 1392, 1393, 1395, 1396, 1397, 1398, 1399, 1400, 1401, 1402, 1403, 1404, 1406, 1407, 1408, 1410, 1411, 1412, 1418, 1419, 1420, 1421, 1422, 1423, 1424, 1425, 1426, 1427, 1428, 1434, 1435, 1436, 1438, 1439, 1440, 1447, 1448, 1449, 1450, 1452, 1455, 1456, 1457, 1458, 1459, 1460, 1462, 1501, 1502, 1503, 1505, 1506, 1507, 1509, 1510, 1512, 1513, 1515, 1516, 1520, 1521, 1522, 1523, 1525, 1526, 1527, 1529, 1535, 1536, 1539, 1540, 1541, 1549, 1550, 1555, 1556, 1558, 1559, 1560, 1561, 1562, 1593, 1594, 1596, 1597, 1600, 1601, 1604, 1605, 1607, 1608, 1609, 1610, 1611, 1614, 1615, 1616, 1619, 1622, 1623, 1624, 1637, 1638, 1639, 1641, 1647, 1648, 1650, 1655, 1657, 1658, 1659, 1660, 1661, 1665, 1666, 1667, 1669, 1674, 1675, 1676, 1677, 1678, 1679, 1680, 1684, 1685, 1687, 1726, 1727, 1728, 1730, 1731, 1732, 1735, 1736, 1738, 1739, 1740, 1741, 1742, 1744, 1745, 1748, 1749, 1751, 1757, 1758, 1759, 1761, 1767, 1768, 1770, 1771, 1775, 1776, 1778, 1779, 1780, 1781, 1784, 1785, 1787, 1788, 1789, 1790, 1795, 1800, 1801, 1805, 1806, 1807, 1808, 1809, 1839, 1840, 1842, 1843, 1845, 1846, 1847, 1849, 1850, 1852, 1853, 1855, 1858, 1859, 1861, 1862, 1863, 1864, 1865, 1866, 1868, 1869, 1870, 1871, 1872, 1874, 1875, 1877, 1878, 1880, 1884, 1885, 1887, 1893, 1894, 1896, 1903, 1904, 1906, 1908, 1909, 1910, 1911, 1912, 1938, 1940, 1941, 1942, 1944, 1950, 1987, 1989, 1990, 1991, 1992, 1993, 1995, 1996, 1997, 1999, 2006, 2007, 2016, 2040, 2041, 2042, 2043, 2044, 2065, 2066, 2067, 2088, 2089, 2090, 2091, 2092, 2117, 2118, 2119, 2120, 2121, 2122, 2123, 2124, 2145, 2146, 2147, 2168, 2169, 2170, 2171, 2172], "excluded_lines": [], "start_line": 40}, "": {"executed_lines": [15, 16, 17, 18, 19, 20, 21, 22, 23, 24, 26, 27, 29, 30, 37, 40, 50, 60, 83, 116, 145, 155, 165, 171, 180, 194, 209, 264, 265, 281, 322, 326, 332, 418, 433, 434, 457, 458, 481, 482, 501, 502, 525, 526, 550, 551, 570, 571, 586, 587, 606, 607, 626, 627, 636, 705, 741, 770, 797, 854, 861, 927, 999, 1029, 1030, 1050, 1051, 1061, 1062, 1081, 1090, 1091, 1107, 1122, 1123, 1147, 1164, 1165, 1189, 1246, 1247, 1266, 1334, 1335, 1359, 1416, 1432, 1470, 1471, 1499, 1566, 1567, 1586, 1691, 1692, 1720, 1813, 1814, 1833, 1916, 1917, 1936, 1957, 1958, 1985, 2023, 2024, 2039, 2048, 2049, 2064, 2071, 2072, 2087, 2096, 2097, 2116, 2128, 2129, 2144, 2151, 2152, 2167], "summary": {"covered_lines": 123, "num_statements": 123, "percent_covered": 100.0, "percent_covered_display": "100", "missing_lines": 0, "excluded_lines": 0, "percent_statements_covered": 100.0, "percent_statements_covered_display": "100"}, "missing_lines": [], "excluded_lines": [], "start_line": 1}}}}, "totals": {"covered_lines": 288, "num_statements": 937, "percent_covered": 30.73639274279616, "percent_covered_display": "31", "missing_lines": 649, "excluded_lines": 0, "percent_statements_covered": 30.73639274279616, "percent_statements_covered_display": "31"}}